Arguments: 
  /usr/local/bin/node /usr/local/Cellar/yarn/1.16.0/libexec/bin/yarn.js init

PATH: 
  /usr/local/bin:/usr/bin:/bin:/usr/sbin:/sbin:/usr/local/go/bin:/usr/local/opt/icu4c/sbin:/usr/local/opt/icu4c/bin:/Users/qaisali/.pyenv/shims:/Users/qaisali/Dev/google-cloud-sdk/bin:/Users/qaisali/Dev/go_appengine:/Users/qaisali/go/bin:/Users/qaisali/.pyenv/bin:/Users/qaisali/Dev/flutter/bin:/Users/qaisali/Dev/flutter/.pub-cache/bin

Yarn version: 
  1.16.0

Node version: 
  12.3.1

Platform: 
  darwin x64

Trace: 
  Error: canceled
      at Interface.<anonymous> (/usr/local/Cellar/yarn/1.16.0/libexec/lib/cli.js:125850:13)
      at Interface.emit (events.js:200:13)
      at Interface._ttyWrite (readline.js:877:16)
      at ReadStream.onkeypress (readline.js:189:10)
      at ReadStream.emit (events.js:200:13)
      at emitKeys (internal/readline.js:424:14)
      at emitKeys.next (<anonymous>)
      at ReadStream.onData (readline.js:1145:36)
      at ReadStream.emit (events.js:200:13)
      at addChunk (_stream_readable.js:290:12)

npm manifest: 
  No manifest

yarn manifest: 
  No manifest

Lockfile: 
  No lockfile
